<?xml version="1.0" encoding="UTF-8"?>
<!-- Generated by org.testng.reporters.JUnitReportReporter -->
<testsuite hostname="GLOENWL-GNJS6C2" name="com.pageTests.CoreVocabularyPageMobileTest" tests="15" failures="0" timestamp="5 Jul 2016 11:30:45 GMT" time="179.423" errors="0">
  <testcase name="verifyAllNineThousandWordsSelected" time="12.912" classname="com.pageTests.CoreVocabularyPageMobileTest"/>
  <testcase name="verifyAllTopSpokenWordsSelected" time="11.452" classname="com.pageTests.CoreVocabularyPageMobileTest"/>
  <testcase name="verifyMediumFrequencySelected" time="12.410" classname="com.pageTests.CoreVocabularyPageMobileTest"/>
  <testcase name="verifyTop1000SpokenWordsSelected" time="13.601" classname="com.pageTests.CoreVocabularyPageMobileTest"/>
  <testcase name="verifyCoreVocabularyLabelName" time="7.337" classname="com.pageTests.CoreVocabularyPageMobileTest"/>
  <testcase name="verifyTop3000WrittenWordsSelected" time="11.572" classname="com.pageTests.CoreVocabularyPageMobileTest"/>
  <testcase name="verifyTop1000WrittenWordsSelected" time="12.856" classname="com.pageTests.CoreVocabularyPageMobileTest"/>
  <testcase name="verifyTop2000SpokenWordsSelected" time="14.431" classname="com.pageTests.CoreVocabularyPageMobileTest"/>
  <testcase name="verifyLowerFrequencySelected" time="12.732" classname="com.pageTests.CoreVocabularyPageMobileTest"/>
  <testcase name="verifyAllTopWrittenWordsSelected" time="11.992" classname="com.pageTests.CoreVocabularyPageMobileTest"/>
  <testcase name="verifyHighFrequencySelected" time="11.246" classname="com.pageTests.CoreVocabularyPageMobileTest"/>
  <testcase name="navigateToCoreVocabularyPage" time="12.053" classname="com.pageTests.CoreVocabularyPageMobileTest"/>
  <testcase name="verifyCoreVocabularyPageTitle" time="7.681" classname="com.pageTests.CoreVocabularyPageMobileTest"/>
  <testcase name="verifyTop2000WrittenWordsSelected" time="12.648" classname="com.pageTests.CoreVocabularyPageMobileTest"/>
  <testcase name="verifyTop3000SpokenWordsSelected" time="14.500" classname="com.pageTests.CoreVocabularyPageMobileTest"/>
</testsuite> <!-- com.pageTests.CoreVocabularyPageMobileTest -->
