<?xml version="1.0" encoding="UTF-8"?>
<!-- Generated by org.testng.reporters.JUnitReportReporter -->
<testsuite hostname="CHENNWL-CD7FT12" name="com.pageTests.Sulekha" tests="1" failures="0" timestamp="26 Feb 2016 16:18:01 GMT" time="54.630" errors="0">
  <testcase name="sulekhaAutomation" time="54.630" classname="com.pageTests.Sulekha"/>
</testsuite> <!-- com.pageTests.Sulekha -->
