<?xml version="1.0" encoding="UTF-8"?>
<!-- Generated by org.testng.reporters.JUnitReportReporter -->
<testsuite hostname="GLOENWL-GNJS6C2" name="com.pageTests.HistoryPageTest" tests="8" failures="0" timestamp="21 Jul 2016 06:07:59 GMT" time="174.944" errors="0">
  <testcase name="verifyDeleteAllMessageText" time="18.471" classname="com.pageTests.HistoryPageTest"/>
  <testcase name="verifyWordsAddedIntoHistory" time="43.800" classname="com.pageTests.HistoryPageTest"/>
  <testcase name="verifyHistoryPageTitleLabel" time="3.450" classname="com.pageTests.HistoryPageTest"/>
  <testcase name="verifyDeleteFunctionality" time="43.527" classname="com.pageTests.HistoryPageTest"/>
  <testcase name="verifyHistoryPageTitleIsDisplayed" time="4.491" classname="com.pageTests.HistoryPageTest"/>
  <testcase name="verifyNavigationToHistoryPage" time="4.262" classname="com.pageTests.HistoryPageTest"/>
  <testcase name="verifyNavigationToDetailedPageFromHistory" time="13.939" classname="com.pageTests.HistoryPageTest"/>
  <testcase name="verifyMultipleDeleteFunctionality" time="43.004" classname="com.pageTests.HistoryPageTest"/>
</testsuite> <!-- com.pageTests.HistoryPageTest -->
