<?xml version="1.0" encoding="UTF-8"?>
<!-- Generated by org.testng.reporters.JUnitReportReporter -->
<testsuite hostname="GLOENWL-GNJS6C2" name="com.pageTests.HistoryPageTest" tests="8" failures="0" timestamp="23 Jun 2016 10:13:50 GMT" time="193.524" errors="0">
  <testcase name="verifyMultipleDeleteFunctionality" time="52.775" classname="com.pageTests.HistoryPageTest"/>
  <testcase name="verifyDeleteAllMessageText" time="17.315" classname="com.pageTests.HistoryPageTest"/>
  <testcase name="verifyHistoryPageTitleLabel" time="3.401" classname="com.pageTests.HistoryPageTest"/>
  <testcase name="verifyDeleteFunctionality" time="44.728" classname="com.pageTests.HistoryPageTest"/>
  <testcase name="verifyWordsAddedIntoHistory" time="54.300" classname="com.pageTests.HistoryPageTest"/>
  <testcase name="verifyHistoryPageTitleIsDisplayed" time="4.227" classname="com.pageTests.HistoryPageTest"/>
  <testcase name="verifyNavigationToHistoryPage" time="4.175" classname="com.pageTests.HistoryPageTest"/>
  <testcase name="verifyNavigationToDetailedPageFromHistory" time="12.603" classname="com.pageTests.HistoryPageTest"/>
</testsuite> <!-- com.pageTests.HistoryPageTest -->
